[09:11:49] [Server thread/INFO]: Starting minecraft server version 1.9.4
[09:11:49] [Server thread/WARN]: To start the server with more ram, launch it as "java -Xmx1024M -Xms1024M -jar minecraft_server.jar"
[09:11:49] [Server thread/INFO]: Loading properties
[09:11:49] [Server thread/INFO]: Default game type: SURVIVAL
[09:11:49] [Server thread/INFO]: This server is running CraftBukkit version git-Spigot-8a048fe-5ff377a (MC: 1.9.4) (Implementing API version 1.9.4-R0.1-SNAPSHOT)
[09:11:49] [Server thread/INFO]: Debug logging is disabled
[09:11:49] [Server thread/INFO]: Server Ping Player Sample Count: 12
[09:11:49] [Server thread/INFO]: Using 4 threads for Netty based IO
[09:11:49] [Server thread/INFO]: Generating keypair
[09:11:49] [Server thread/INFO]: Starting Minecraft server on *:25565
[09:11:49] [Server thread/INFO]: Using default channel type
[09:11:49] [Server thread/INFO]: **** Beginning UUID conversion, this may take A LONG time ****
[09:11:49] [Server thread/INFO]: Preparing level "world"
[09:11:49] [Server thread/INFO]: -------- World Settings For [world] --------
[09:11:49] [Server thread/INFO]: Item Despawn Rate: 6000
[09:11:49] [Server thread/INFO]: Item Merge Radius: 2.5
[09:11:49] [Server thread/INFO]: Arrow Despawn Rate: 1200
[09:11:49] [Server thread/INFO]: Allow Zombie Pigmen to spawn from portal blocks: true
[09:11:49] [Server thread/INFO]: View Distance: 10
[09:11:49] [Server thread/INFO]: Zombie Aggressive Towards Villager: true
[09:11:49] [Server thread/INFO]: Experience Merge Radius: 3.0
[09:11:49] [Server thread/INFO]: Mob Spawn Range: 4
[09:11:49] [Server thread/INFO]: Nerfing mobs spawned from spawners: false
[09:11:49] [Server thread/INFO]: Cactus Growth Modifier: 100%
[09:11:49] [Server thread/INFO]: Cane Growth Modifier: 100%
[09:11:49] [Server thread/INFO]: Melon Growth Modifier: 100%
[09:11:49] [Server thread/INFO]: Mushroom Growth Modifier: 100%
[09:11:49] [Server thread/INFO]: Pumpkin Growth Modifier: 100%
[09:11:49] [Server thread/INFO]: Sapling Growth Modifier: 100%
[09:11:49] [Server thread/INFO]: Wheat Growth Modifier: 100%
[09:11:49] [Server thread/INFO]: NetherWart Growth Modifier: 100%
[09:11:49] [Server thread/INFO]: Entity Activation Range: An 32 / Mo 32 / Mi 16
[09:11:49] [Server thread/INFO]: Entity Tracking Range: Pl 48 / An 48 / Mo 48 / Mi 32 / Other 64
[09:11:49] [Server thread/INFO]: Random Lighting Updates: false
[09:11:49] [Server thread/INFO]: Structure Info Saving: true
[09:11:49] [Server thread/INFO]: Max TNT Explosions: 100
[09:11:49] [Server thread/INFO]: Tile Max Tick Time: 50ms Entity max Tick Time: 50ms
[09:11:49] [Server thread/INFO]: Hopper Transfer: 8 Hopper Check: 8 Hopper Amount: 1
[09:11:49] [Server thread/INFO]: Max Entity Collisions: 8
[09:11:49] [Server thread/INFO]: Custom Map Seeds:  Village: 10387312 Feature: 14357617
[09:11:49] [Server thread/INFO]: -------- World Settings For [world_nether] --------
[09:11:49] [Server thread/INFO]: Item Despawn Rate: 6000
[09:11:49] [Server thread/INFO]: Item Merge Radius: 2.5
[09:11:49] [Server thread/INFO]: Arrow Despawn Rate: 1200
[09:11:49] [Server thread/INFO]: Allow Zombie Pigmen to spawn from portal blocks: true
[09:11:49] [Server thread/INFO]: View Distance: 10
[09:11:49] [Server thread/INFO]: Zombie Aggressive Towards Villager: true
[09:11:49] [Server thread/INFO]: Experience Merge Radius: 3.0
[09:11:49] [Server thread/INFO]: Mob Spawn Range: 4
[09:11:49] [Server thread/INFO]: Nerfing mobs spawned from spawners: false
[09:11:49] [Server thread/INFO]: Cactus Growth Modifier: 100%
[09:11:49] [Server thread/INFO]: Cane Growth Modifier: 100%
[09:11:49] [Server thread/INFO]: Melon Growth Modifier: 100%
[09:11:49] [Server thread/INFO]: Mushroom Growth Modifier: 100%
[09:11:49] [Server thread/INFO]: Pumpkin Growth Modifier: 100%
[09:11:49] [Server thread/INFO]: Sapling Growth Modifier: 100%
[09:11:49] [Server thread/INFO]: Wheat Growth Modifier: 100%
[09:11:49] [Server thread/INFO]: NetherWart Growth Modifier: 100%
[09:11:49] [Server thread/INFO]: Entity Activation Range: An 32 / Mo 32 / Mi 16
[09:11:49] [Server thread/INFO]: Entity Tracking Range: Pl 48 / An 48 / Mo 48 / Mi 32 / Other 64
[09:11:49] [Server thread/INFO]: Random Lighting Updates: false
[09:11:49] [Server thread/INFO]: Structure Info Saving: true
[09:11:49] [Server thread/INFO]: Max TNT Explosions: 100
[09:11:49] [Server thread/INFO]: Tile Max Tick Time: 50ms Entity max Tick Time: 50ms
[09:11:49] [Server thread/INFO]: Hopper Transfer: 8 Hopper Check: 8 Hopper Amount: 1
[09:11:49] [Server thread/INFO]: Max Entity Collisions: 8
[09:11:49] [Server thread/INFO]: Custom Map Seeds:  Village: 10387312 Feature: 14357617
[09:11:49] [Server thread/INFO]: -------- World Settings For [world_the_end] --------
[09:11:49] [Server thread/INFO]: Item Despawn Rate: 6000
[09:11:49] [Server thread/INFO]: Item Merge Radius: 2.5
[09:11:49] [Server thread/INFO]: Arrow Despawn Rate: 1200
[09:11:49] [Server thread/INFO]: Allow Zombie Pigmen to spawn from portal blocks: true
[09:11:49] [Server thread/INFO]: View Distance: 10
[09:11:49] [Server thread/INFO]: Zombie Aggressive Towards Villager: true
[09:11:49] [Server thread/INFO]: Experience Merge Radius: 3.0
[09:11:49] [Server thread/INFO]: Mob Spawn Range: 4
[09:11:49] [Server thread/INFO]: Nerfing mobs spawned from spawners: false
[09:11:49] [Server thread/INFO]: Cactus Growth Modifier: 100%
[09:11:49] [Server thread/INFO]: Cane Growth Modifier: 100%
[09:11:49] [Server thread/INFO]: Melon Growth Modifier: 100%
[09:11:49] [Server thread/INFO]: Mushroom Growth Modifier: 100%
[09:11:49] [Server thread/INFO]: Pumpkin Growth Modifier: 100%
[09:11:49] [Server thread/INFO]: Sapling Growth Modifier: 100%
[09:11:49] [Server thread/INFO]: Wheat Growth Modifier: 100%
[09:11:49] [Server thread/INFO]: NetherWart Growth Modifier: 100%
[09:11:49] [Server thread/INFO]: Entity Activation Range: An 32 / Mo 32 / Mi 16
[09:11:49] [Server thread/INFO]: Entity Tracking Range: Pl 48 / An 48 / Mo 48 / Mi 32 / Other 64
[09:11:49] [Server thread/INFO]: Random Lighting Updates: false
[09:11:49] [Server thread/INFO]: Structure Info Saving: true
[09:11:49] [Server thread/INFO]: Max TNT Explosions: 100
[09:11:49] [Server thread/INFO]: Tile Max Tick Time: 50ms Entity max Tick Time: 50ms
[09:11:49] [Server thread/INFO]: Hopper Transfer: 8 Hopper Check: 8 Hopper Amount: 1
[09:11:49] [Server thread/INFO]: Max Entity Collisions: 8
[09:11:49] [Server thread/INFO]: Custom Map Seeds:  Village: 10387312 Feature: 14357617
[09:11:50] [Server thread/INFO]: Preparing start region for level 0 (Seed: -734903299106709165)
[09:11:51] [Server thread/INFO]: Preparing spawn area: 48%
[09:11:51] [Server thread/INFO]: Preparing start region for level 1 (Seed: -734903299106709165)
[09:11:52] [Server thread/INFO]: Preparing spawn area: 57%
[09:11:53] [Server thread/INFO]: Preparing start region for level 2 (Seed: -734903299106709165)
[09:11:53] [Server thread/INFO]: Server permissions file permissions.yml is empty, ignoring it
[09:11:53] [Server thread/INFO]: Done (3,968s)! For help, type "help" or "?"
